Unable to find image 'bit:5000/matlab2017b:latest' locally
latest: Pulling from matlab2017b
d9aaf4d82f24: Already exists
11b901da592c: Already exists
854d3f2caa36: Already exists
3190f4ccba81: Already exists
95024c7414ee: Already exists
427cb756383f: Pulling fs layer
eb2564bda939: Pulling fs layer
713eb64b5af1: Pulling fs layer
713eb64b5af1: Download complete
427cb756383f: Verifying Checksum
427cb756383f: Download complete
427cb756383f: Pull complete
eb2564bda939: Verifying Checksum
eb2564bda939: Download complete
eb2564bda939: Pull complete
713eb64b5af1: Pull complete
Digest: sha256:e2d081d39128afe3ff10f0342bcf07325566844714d0bd6081fbffcb2b2942e8
Status: Downloaded newer image for bit:5000/matlab2017b:latest
 /ghome/fengrl/home/MEDA/MEDA/matlab/demo_office_caltech_surf.m
 |
{Error: Unexpected MATLAB operator.
} 
