Time is Mon Apr 22 19:31:50 CST 2019
Directory is /ghome/fengrl/home/MEDA/MEDA
This job runs on following nodes:
Node:G123
Gpus:G123-gpu3
CUDA_VISIBLE_DEVICES:3
MATLAB is selecting SOFTWARE OPENGL rendering.

                            < M A T L A B (R) >
                  Copyright 1984-2017 The MathWorks, Inc.
                   R2017b (9.3.0.713579) 64-bit (glnxa64)
                             September 14, 2017

 
To get started, type one of these: helpwin, helpdesk, or demo.
For product information, visit www.mathworks.com.
 
MEDA starts...
Iteration:[01]>>mu=0.85,Acc=0.546973
Iteration:[02]>>mu=0.92,Acc=0.560543
Iteration:[03]>>mu=0.91,Acc=0.564718
Iteration:[04]>>mu=0.96,Acc=0.564718
Iteration:[05]>>mu=0.90,Acc=0.564718
Iteration:[06]>>mu=0.93,Acc=0.564718
Iteration:[07]>>mu=0.90,Acc=0.564718
Iteration:[08]>>mu=0.93,Acc=0.564718
Iteration:[09]>>mu=0.89,Acc=0.564718
Iteration:[10]>>mu=0.87,Acc=0.564718
MEDA ends!
Caltech10 --> amazon: 56.47 accuracy 

MEDA starts...
Iteration:[01]>>mu=0.70,Acc=0.538983
Iteration:[02]>>mu=0.67,Acc=0.538983
Iteration:[03]>>mu=0.73,Acc=0.538983
Iteration:[04]>>mu=0.71,Acc=0.538983
Iteration:[05]>>mu=0.73,Acc=0.538983
Iteration:[06]>>mu=0.70,Acc=0.538983
Iteration:[07]>>mu=0.71,Acc=0.538983
Iteration:[08]>>mu=0.68,Acc=0.538983
Iteration:[09]>>mu=0.75,Acc=0.538983
Iteration:[10]>>mu=0.66,Acc=0.538983
MEDA ends!
Caltech10 --> webcam: 53.90 accuracy 

MEDA starts...
Iteration:[01]>>mu=0.61,Acc=0.490446
Iteration:[02]>>mu=0.56,Acc=0.503185
Iteration:[03]>>mu=0.56,Acc=0.503185
Iteration:[04]>>mu=0.59,Acc=0.503185
Iteration:[05]>>mu=0.55,Acc=0.503185
Iteration:[06]>>mu=0.57,Acc=0.503185
Iteration:[07]>>mu=0.56,Acc=0.503185
Iteration:[08]>>mu=0.59,Acc=0.503185
Iteration:[09]>>mu=0.57,Acc=0.503185
Iteration:[10]>>mu=0.57,Acc=0.503185
MEDA ends!
Caltech10 --> dslr: 50.32 accuracy 

MEDA starts...
Iteration:[01]>>mu=0.88,Acc=0.443455
Iteration:[02]>>mu=0.96,Acc=0.444346
Iteration:[03]>>mu=0.91,Acc=0.444346
Iteration:[04]>>mu=0.90,Acc=0.442565
Iteration:[05]>>mu=0.91,Acc=0.440784
Iteration:[06]>>mu=0.94,Acc=0.440784
Iteration:[07]>>mu=0.97,Acc=0.440784
Iteration:[08]>>mu=0.98,Acc=0.439893
Iteration:[09]>>mu=0.93,Acc=0.439003
Iteration:[10]>>mu=0.91,Acc=0.439003
MEDA ends!
amazon --> Caltech10: 43.90 accuracy 

MEDA starts...
Iteration:[01]>>mu=0.75,Acc=0.511864
Iteration:[02]>>mu=0.72,Acc=0.528814
Iteration:[03]>>mu=0.73,Acc=0.542373
Iteration:[04]>>mu=0.77,Acc=0.538983
Iteration:[05]>>mu=0.72,Acc=0.532203
Iteration:[06]>>mu=0.72,Acc=0.532203
Iteration:[07]>>mu=0.71,Acc=0.532203
Iteration:[08]>>mu=0.74,Acc=0.532203
Iteration:[09]>>mu=0.74,Acc=0.532203
Iteration:[10]>>mu=0.68,Acc=0.532203
MEDA ends!
amazon --> webcam: 53.22 accuracy 

MEDA starts...
Iteration:[01]>>mu=0.59,Acc=0.458599
Iteration:[02]>>mu=0.62,Acc=0.458599
Iteration:[03]>>mu=0.61,Acc=0.458599
Iteration:[04]>>mu=0.60,Acc=0.458599
Iteration:[05]>>mu=0.64,Acc=0.458599
Iteration:[06]>>mu=0.58,Acc=0.458599
Iteration:[07]>>mu=0.63,Acc=0.458599
Iteration:[08]>>mu=0.64,Acc=0.458599
Iteration:[09]>>mu=0.62,Acc=0.458599
Iteration:[10]>>mu=0.57,Acc=0.458599
MEDA ends!
amazon --> dslr: 45.86 accuracy 

MEDA starts...
Iteration:[01]>>mu=0.70,Acc=0.338379
Iteration:[02]>>mu=0.73,Acc=0.334817
Iteration:[03]>>mu=0.72,Acc=0.333927
Iteration:[04]>>mu=0.70,Acc=0.337489
Iteration:[05]>>mu=0.69,Acc=0.341051
Iteration:[06]>>mu=0.71,Acc=0.341051
Iteration:[07]>>mu=0.73,Acc=0.341051
Iteration:[08]>>mu=0.71,Acc=0.340160
Iteration:[09]>>mu=0.70,Acc=0.340160
Iteration:[10]>>mu=0.64,Acc=0.341051
MEDA ends!
webcam --> Caltech10: 34.11 accuracy 

MEDA starts...
Iteration:[01]>>mu=0.76,Acc=0.403967
Iteration:[02]>>mu=0.72,Acc=0.419624
Iteration:[03]>>mu=0.74,Acc=0.424843
Iteration:[04]>>mu=0.75,Acc=0.424843
Iteration:[05]>>mu=0.73,Acc=0.425887
Iteration:[06]>>mu=0.71,Acc=0.426931
Iteration:[07]>>mu=0.79,Acc=0.426931
Iteration:[08]>>mu=0.69,Acc=0.426931
Iteration:[09]>>mu=0.74,Acc=0.426931
Iteration:[10]>>mu=0.72,Acc=0.426931
MEDA ends!
webcam --> amazon: 42.69 accuracy 

MEDA starts...
Iteration:[01]>>mu=0.80,Acc=0.878981
Iteration:[02]>>mu=0.87,Acc=0.885350
Iteration:[03]>>mu=0.92,Acc=0.885350
Iteration:[04]>>mu=0.96,Acc=0.885350
Iteration:[05]>>mu=0.94,Acc=0.885350
Iteration:[06]>>mu=0.89,Acc=0.885350
Iteration:[07]>>mu=0.88,Acc=0.885350
Iteration:[08]>>mu=0.83,Acc=0.885350
Iteration:[09]>>mu=0.84,Acc=0.885350
Iteration:[10]>>mu=0.80,Acc=0.885350
MEDA ends!
webcam --> dslr: 88.54 accuracy 

MEDA starts...
Iteration:[01]>>mu=0.61,Acc=0.349065
Iteration:[02]>>mu=0.60,Acc=0.346394
Iteration:[03]>>mu=0.62,Acc=0.346394
Iteration:[04]>>mu=0.56,Acc=0.346394
Iteration:[05]>>mu=0.56,Acc=0.345503
Iteration:[06]>>mu=0.57,Acc=0.347284
Iteration:[07]>>mu=0.57,Acc=0.348175
Iteration:[08]>>mu=0.56,Acc=0.348175
Iteration:[09]>>mu=0.58,Acc=0.348175
Iteration:[10]>>mu=0.57,Acc=0.348175
MEDA ends!
dslr --> Caltech10: 34.82 accuracy 

MEDA starts...
Iteration:[01]>>mu=0.63,Acc=0.393528
Iteration:[02]>>mu=0.64,Acc=0.409186
Iteration:[03]>>mu=0.64,Acc=0.417537
Iteration:[04]>>mu=0.62,Acc=0.414405
Iteration:[05]>>mu=0.59,Acc=0.413361
Iteration:[06]>>mu=0.57,Acc=0.412317
Iteration:[07]>>mu=0.63,Acc=0.411273
Iteration:[08]>>mu=0.69,Acc=0.411273
Iteration:[09]>>mu=0.63,Acc=0.411273
Iteration:[10]>>mu=0.61,Acc=0.411273
MEDA ends!
dslr --> amazon: 41.13 accuracy 

MEDA starts...
Iteration:[01]>>mu=0.84,Acc=0.871186
Iteration:[02]>>mu=0.83,Acc=0.871186
Iteration:[03]>>mu=0.83,Acc=0.874576
Iteration:[04]>>mu=0.87,Acc=0.874576
Iteration:[05]>>mu=0.83,Acc=0.874576
Iteration:[06]>>mu=0.85,Acc=0.874576
Iteration:[07]>>mu=0.85,Acc=0.874576
Iteration:[08]>>mu=0.84,Acc=0.874576
Iteration:[09]>>mu=0.81,Acc=0.874576
Iteration:[10]>>mu=0.81,Acc=0.874576
MEDA ends!
dslr --> webcam: 87.46 accuracy 

